<?xml version="1.0" encoding="UTF-8"?>
<!-- Generated by org.testng.reporters.JUnitXMLReporter -->
<testsuite ignored="0" hostname="ORION_" failures="0" tests="1" name="Command line test" time="0.087" errors="0" timestamp="2024-01-16T00:47:07 IST">
  <testcase classname="rediff_mail.LoginTest" name="@BeforeClass setUp" time="0.054">
    <failure type="java.lang.IllegalStateException" message="The driver executable does not exist: C:\path\to\chromedriver">
      <![CDATA[java.lang.IllegalStateException: The driver executable does not exist: C:\path\to\chromedriver
at com.google.common.base.Preconditions.checkState(Preconditions.java:585)
at org.openqa.selenium.remote.service.DriverService.checkExecutable(DriverService.java:146)
at org.openqa.selenium.remote.service.DriverService.findExecutable(DriverService.java:141)
at org.openqa.selenium.chrome.ChromeDriverService.access$000(ChromeDriverService.java:35)
at org.openqa.selenium.chrome.ChromeDriverService$Builder.findDefaultExecutable(ChromeDriverService.java:159)
at org.openqa.selenium.remote.service.DriverService$Builder.build(DriverService.java:355)
at org.openqa.selenium.chrome.ChromeDriverService.createDefaultService(ChromeDriverService.java:94)
at org.openqa.selenium.chrome.ChromeDriver.<init>(ChromeDriver.java:123)
at rediff_mail.LoginTest.setUp(LoginTest.java:18)
at java.base/java.util.ArrayList.forEach(ArrayList.java:1511)
... Removed 34 stack frames]]>
    </failure>
  </testcase> <!-- @BeforeClass setUp -->
  <testcase classname="rediff_mail.LoginTest" name="@AfterClass tearDown" time="-1.705346227512E9">
    <skipped/>
  </testcase> <!-- @AfterClass tearDown -->
  <testcase classname="rediff_mail.LoginTest" name="loginTest" time="0.0">
    <skipped/>
  </testcase> <!-- loginTest -->
</testsuite> <!-- Command line test -->
